<?xml version="1.0" encoding="UTF-8"?>
<testng-results ignored="0" total="3" passed="3" failed="0" skipped="0">
  <reporter-output>
  </reporter-output>
  <suite started-at="2024-11-28T10:29:26 WEST" name="Default suite" finished-at="2024-11-28T10:29:30 WEST" duration-ms="3547">
    <groups>
    </groups>
    <test started-at="2024-11-28T10:29:26 WEST" name="Default test" finished-at="2024-11-28T10:29:30 WEST" duration-ms="3547">
      <class name="Rest_Assured_Project.Rest_Assured_Project.DynamicJson">
        <test-method signature="addBook(java.lang.String,java.lang.String)[pri:0, instance:Rest_Assured_Project.Rest_Assured_Project.DynamicJson@29215f06]" started-at="2024-11-28T10:29:26 WEST" name="addBook" data-provider="booksData" finished-at="2024-11-28T10:29:29 WEST" duration-ms="2358" status="PASS">
          <params>
            <param index="0">
              <value>
                <![CDATA[fdhrs]]>
              </value>
            </param>
            <param index="1">
              <value>
                <![CDATA[25566]]>
              </value>
            </param>
          </params>
          <reporter-output>
          </reporter-output>
        </test-method> <!-- addBook -->
        <test-method signature="addBook(java.lang.String,java.lang.String)[pri:0, instance:Rest_Assured_Project.Rest_Assured_Project.DynamicJson@29215f06]" started-at="2024-11-28T10:29:29 WEST" name="addBook" data-provider="booksData" finished-at="2024-11-28T10:29:29 WEST" duration-ms="561" status="PASS">
          <params>
            <param index="0">
              <value>
                <![CDATA[dqefgg]]>
              </value>
            </param>
            <param index="1">
              <value>
                <![CDATA[46585]]>
              </value>
            </param>
          </params>
          <reporter-output>
          </reporter-output>
        </test-method> <!-- addBook -->
        <test-method signature="addBook(java.lang.String,java.lang.String)[pri:0, instance:Rest_Assured_Project.Rest_Assured_Project.DynamicJson@29215f06]" started-at="2024-11-28T10:29:29 WEST" name="addBook" data-provider="booksData" finished-at="2024-11-28T10:29:30 WEST" duration-ms="577" status="PASS">
          <params>
            <param index="0">
              <value>
                <![CDATA[sodnqo]]>
              </value>
            </param>
            <param index="1">
              <value>
                <![CDATA[50505]]>
              </value>
            </param>
          </params>
          <reporter-output>
          </reporter-output>
        </test-method> <!-- addBook -->
      </class> <!-- Rest_Assured_Project.Rest_Assured_Project.DynamicJson -->
    </test> <!-- Default test -->
  </suite> <!-- Default suite -->
</testng-results>
